# Logfile created on 2014-08-01 01:22:40 -0600 by logger.rb/41954
I, [2014-08-01T01:22:40.160127 #2421]  INFO -- : 0:  rake (10.3.2) from /Users/amontano/.rvm/gems/ruby-2.0.0-p353@rails4/specifications/rake-10.3.2.gemspec
I, [2014-08-01T01:22:40.160452 #2421]  INFO -- : 0:  i18n (0.6.11) from /Users/amontano/.rvm/gems/ruby-2.0.0-p353@rails4/specifications/i18n-0.6.11.gemspec
I, [2014-08-01T01:22:40.160697 #2421]  INFO -- : 0:  minitest (4.7.5) from /Users/amontano/.rvm/gems/ruby-2.0.0-p353@rails4/specifications/minitest-4.7.5.gemspec
I, [2014-08-01T01:22:40.160927 #2421]  INFO -- : 0:  multi_json (1.10.1) from /Users/amontano/.rvm/gems/ruby-2.0.0-p353@rails4/specifications/multi_json-1.10.1.gemspec
I, [2014-08-01T01:22:40.161145 #2421]  INFO -- : 0:  thread_safe (0.3.4) from /Users/amontano/.rvm/gems/ruby-2.0.0-p353@rails4/specifications/thread_safe-0.3.4.gemspec
I, [2014-08-01T01:22:40.161352 #2421]  INFO -- : 0:  tzinfo (0.3.40) from /Users/amontano/.rvm/gems/ruby-2.0.0-p353@rails4/specifications/tzinfo-0.3.40.gemspec
I, [2014-08-01T01:22:40.161556 #2421]  INFO -- : 0:  activesupport (4.0.8) from /Users/amontano/.rvm/gems/ruby-2.0.0-p353@rails4/specifications/activesupport-4.0.8.gemspec
I, [2014-08-01T01:22:40.161758 #2421]  INFO -- : 0:  builder (3.1.4) from /Users/amontano/.rvm/gems/ruby-2.0.0-p353@rails4/specifications/builder-3.1.4.gemspec
I, [2014-08-01T01:22:40.161962 #2421]  INFO -- : 0:  erubis (2.7.0) from /Users/amontano/.rvm/gems/ruby-2.0.0-p353@rails4/specifications/erubis-2.7.0.gemspec
I, [2014-08-01T01:22:40.162161 #2421]  INFO -- : 0:  rack (1.5.2) from /Users/amontano/.rvm/gems/ruby-2.0.0-p353@rails4/specifications/rack-1.5.2.gemspec
I, [2014-08-01T01:22:40.162363 #2421]  INFO -- : 0:  rack-test (0.6.2) from /Users/amontano/.rvm/gems/ruby-2.0.0-p353@rails4/specifications/rack-test-0.6.2.gemspec
I, [2014-08-01T01:22:40.162565 #2421]  INFO -- : 0:  actionpack (4.0.8) from /Users/amontano/.rvm/gems/ruby-2.0.0-p353@rails4/specifications/actionpack-4.0.8.gemspec
I, [2014-08-01T01:22:40.162767 #2421]  INFO -- : 0:  mime-types (1.25.1) from /Users/amontano/.rvm/gems/ruby-2.0.0-p353@rails4/specifications/mime-types-1.25.1.gemspec
I, [2014-08-01T01:22:40.162967 #2421]  INFO -- : 0:  polyglot (0.3.5) from /Users/amontano/.rvm/gems/ruby-2.0.0-p353@rails4/specifications/polyglot-0.3.5.gemspec
I, [2014-08-01T01:22:40.163172 #2421]  INFO -- : 0:  treetop (1.4.15) from /Users/amontano/.rvm/gems/ruby-2.0.0-p353@rails4/specifications/treetop-1.4.15.gemspec
I, [2014-08-01T01:22:40.163369 #2421]  INFO -- : 0:  mail (2.5.4) from /Users/amontano/.rvm/gems/ruby-2.0.0-p353@rails4/specifications/mail-2.5.4.gemspec
I, [2014-08-01T01:22:40.163570 #2421]  INFO -- : 0:  actionmailer (4.0.8) from /Users/amontano/.rvm/gems/ruby-2.0.0-p353@rails4/specifications/actionmailer-4.0.8.gemspec
I, [2014-08-01T01:22:40.163768 #2421]  INFO -- : 0:  activemodel (4.0.8) from /Users/amontano/.rvm/gems/ruby-2.0.0-p353@rails4/specifications/activemodel-4.0.8.gemspec
I, [2014-08-01T01:22:40.163969 #2421]  INFO -- : 0:  activerecord-deprecated_finders (1.0.3) from /Users/amontano/.rvm/gems/ruby-2.0.0-p353@rails4/specifications/activerecord-deprecated_finders-1.0.3.gemspec
I, [2014-08-01T01:22:40.164170 #2421]  INFO -- : 0:  arel (4.0.2) from /Users/amontano/.rvm/gems/ruby-2.0.0-p353@rails4/specifications/arel-4.0.2.gemspec
I, [2014-08-01T01:22:40.164371 #2421]  INFO -- : 0:  activerecord (4.0.8) from /Users/amontano/.rvm/gems/ruby-2.0.0-p353@rails4/specifications/activerecord-4.0.8.gemspec
I, [2014-08-01T01:22:40.164563 #2421]  INFO -- : 0:  bundler (1.5.1) from /Users/amontano/.rvm/gems/ruby-2.0.0-p353@global/specifications/bundler-1.5.1.gemspec
I, [2014-08-01T01:22:40.164761 #2421]  INFO -- : 0:  hike (1.2.3) from /Users/amontano/.rvm/gems/ruby-2.0.0-p353@rails4/specifications/hike-1.2.3.gemspec
I, [2014-08-01T01:22:40.164960 #2421]  INFO -- : 0:  thor (0.19.1) from /Users/amontano/.rvm/gems/ruby-2.0.0-p353@rails4/specifications/thor-0.19.1.gemspec
I, [2014-08-01T01:22:40.165160 #2421]  INFO -- : 0:  railties (4.0.8) from /Users/amontano/.rvm/gems/ruby-2.0.0-p353@rails4/specifications/railties-4.0.8.gemspec
I, [2014-08-01T01:22:40.165372 #2421]  INFO -- : 0:  jquery-rails (3.1.1) from /Users/amontano/.rvm/gems/ruby-2.0.0-p353@rails4/specifications/jquery-rails-3.1.1.gemspec
I, [2014-08-01T01:22:40.165571 #2421]  INFO -- : 0:  tilt (1.4.1) from /Users/amontano/.rvm/gems/ruby-2.0.0-p353@rails4/specifications/tilt-1.4.1.gemspec
I, [2014-08-01T01:22:40.165777 #2421]  INFO -- : 0:  sprockets (2.12.1) from /Users/amontano/.rvm/gems/ruby-2.0.0-p353@rails4/specifications/sprockets-2.12.1.gemspec
I, [2014-08-01T01:22:40.165981 #2421]  INFO -- : 0:  sprockets-rails (2.1.3) from /Users/amontano/.rvm/gems/ruby-2.0.0-p353@rails4/specifications/sprockets-rails-2.1.3.gemspec
I, [2014-08-01T01:22:40.166180 #2421]  INFO -- : 0:  rails (4.0.8) from /Users/amontano/.rvm/gems/ruby-2.0.0-p353@rails4/specifications/rails-4.0.8.gemspec
I, [2014-08-01T01:22:40.173247 #2421]  INFO -- : 0:  mms_integration (2.2.1) from /Users/amontano/Workspaces/rails/master/thl/engines/mms_integration/mms_integration.gemspec
I, [2014-08-01T01:22:40.173660 #2421]  INFO -- : 0:  sqlite3 (1.3.9) from /Users/amontano/.rvm/gems/ruby-2.0.0-p353@rails4/specifications/sqlite3-1.3.9.gemspec
